<?xml version="1.0" encoding="UTF-8"?>
<testsuite xmlns:xsi="http://www.w3.org/2001/XMLSchema-instance" xsi:noNamespaceSchemaLocation="https://maven.apache.org/surefire/maven-surefire-plugin/xsd/surefire-test-report-3.0.xsd" version="3.0" name="com.hw.CucumberTest" time="4.453" tests="1" errors="0" skipped="0" failures="0">
  <properties>
    <property name="java.specification.version" value="17"/>
    <property name="sun.jnu.encoding" value="UTF-8"/>
    <property name="java.class.path" value="/home/miguel/Documentos/TQS1/TQS_107660/HW1/functionalTests/target/test-classes:/home/miguel/Documentos/TQS1/TQS_107660/HW1/functionalTests/target/classes:/home/miguel/.m2/repository/org/slf4j/slf4j-api/2.0.12/slf4j-api-2.0.12.jar:/home/miguel/.m2/repository/org/seleniumhq/selenium/selenium-java/4.8.1/selenium-java-4.8.1.jar:/home/miguel/.m2/repository/org/seleniumhq/selenium/selenium-api/4.8.1/selenium-api-4.8.1.jar:/home/miguel/.m2/repository/org/seleniumhq/selenium/selenium-chrome-driver/4.8.1/selenium-chrome-driver-4.8.1.jar:/home/miguel/.m2/repository/com/google/auto/service/auto-service-annotations/1.0.1/auto-service-annotations-1.0.1.jar:/home/miguel/.m2/repository/com/google/auto/service/auto-service/1.0.1/auto-service-1.0.1.jar:/home/miguel/.m2/repository/com/google/auto/auto-common/1.2/auto-common-1.2.jar:/home/miguel/.m2/repository/com/google/guava/guava/31.1-jre/guava-31.1-jre.jar:/home/miguel/.m2/repository/com/google/guava/failureaccess/1.0.1/failureaccess-1.0.1.jar:/home/miguel/.m2/repository/com/google/guava/listenablefuture/9999.0-empty-to-avoid-conflict-with-guava/listenablefuture-9999.0-empty-to-avoid-conflict-with-guava.jar:/home/miguel/.m2/repository/com/google/code/findbugs/jsr305/3.0.2/jsr305-3.0.2.jar:/home/miguel/.m2/repository/org/checkerframework/checker-qual/3.12.0/checker-qual-3.12.0.jar:/home/miguel/.m2/repository/com/google/errorprone/error_prone_annotations/2.11.0/error_prone_annotations-2.11.0.jar:/home/miguel/.m2/repository/com/google/j2objc/j2objc-annotations/1.3/j2objc-annotations-1.3.jar:/home/miguel/.m2/repository/org/seleniumhq/selenium/selenium-chromium-driver/4.8.1/selenium-chromium-driver-4.8.1.jar:/home/miguel/.m2/repository/org/seleniumhq/selenium/selenium-json/4.8.1/selenium-json-4.8.1.jar:/home/miguel/.m2/repository/org/seleniumhq/selenium/selenium-devtools-v108/4.8.1/selenium-devtools-v108-4.8.1.jar:/home/miguel/.m2/repository/org/seleniumhq/selenium/selenium-devtools-v109/4.8.1/selenium-devtools-v109-4.8.1.jar:/home/miguel/.m2/repository/org/seleniumhq/selenium/selenium-devtools-v110/4.8.1/selenium-devtools-v110-4.8.1.jar:/home/miguel/.m2/repository/org/seleniumhq/selenium/selenium-devtools-v85/4.8.1/selenium-devtools-v85-4.8.1.jar:/home/miguel/.m2/repository/org/seleniumhq/selenium/selenium-edge-driver/4.8.1/selenium-edge-driver-4.8.1.jar:/home/miguel/.m2/repository/org/seleniumhq/selenium/selenium-firefox-driver/4.8.1/selenium-firefox-driver-4.8.1.jar:/home/miguel/.m2/repository/org/seleniumhq/selenium/selenium-http/4.8.1/selenium-http-4.8.1.jar:/home/miguel/.m2/repository/dev/failsafe/failsafe/3.3.0/failsafe-3.3.0.jar:/home/miguel/.m2/repository/org/seleniumhq/selenium/selenium-ie-driver/4.8.1/selenium-ie-driver-4.8.1.jar:/home/miguel/.m2/repository/org/seleniumhq/selenium/selenium-remote-driver/4.8.1/selenium-remote-driver-4.8.1.jar:/home/miguel/.m2/repository/com/beust/jcommander/1.82/jcommander-1.82.jar:/home/miguel/.m2/repository/io/netty/netty-buffer/4.1.87.Final/netty-buffer-4.1.87.Final.jar:/home/miguel/.m2/repository/io/netty/netty-codec-http/4.1.87.Final/netty-codec-http-4.1.87.Final.jar:/home/miguel/.m2/repository/io/netty/netty-codec/4.1.87.Final/netty-codec-4.1.87.Final.jar:/home/miguel/.m2/repository/io/netty/netty-handler/4.1.87.Final/netty-handler-4.1.87.Final.jar:/home/miguel/.m2/repository/io/netty/netty-common/4.1.87.Final/netty-common-4.1.87.Final.jar:/home/miguel/.m2/repository/io/netty/netty-transport-classes-epoll/4.1.87.Final/netty-transport-classes-epoll-4.1.87.Final.jar:/home/miguel/.m2/repository/io/netty/netty-transport-classes-kqueue/4.1.87.Final/netty-transport-classes-kqueue-4.1.87.Final.jar:/home/miguel/.m2/repository/io/netty/netty-transport-native-epoll/4.1.87.Final/netty-transport-native-epoll-4.1.87.Final.jar:/home/miguel/.m2/repository/io/netty/netty-transport-native-kqueue/4.1.87.Final/netty-transport-native-kqueue-4.1.87.Final.jar:/home/miguel/.m2/repository/io/netty/netty-transport-native-unix-common/4.1.87.Final/netty-transport-native-unix-common-4.1.87.Final.jar:/home/miguel/.m2/repository/io/netty/netty-transport/4.1.87.Final/netty-transport-4.1.87.Final.jar:/home/miguel/.m2/repository/io/netty/netty-resolver/4.1.87.Final/netty-resolver-4.1.87.Final.jar:/home/miguel/.m2/repository/io/opentelemetry/opentelemetry-api/1.22.0/opentelemetry-api-1.22.0.jar:/home/miguel/.m2/repository/io/opentelemetry/opentelemetry-context/1.22.0/opentelemetry-context-1.22.0.jar:/home/miguel/.m2/repository/io/opentelemetry/opentelemetry-exporter-logging/1.22.0/opentelemetry-exporter-logging-1.22.0.jar:/home/miguel/.m2/repository/io/opentelemetry/opentelemetry-sdk-metrics/1.22.0/opentelemetry-sdk-metrics-1.22.0.jar:/home/miguel/.m2/repository/io/opentelemetry/opentelemetry-sdk-logs/1.22.0-alpha/opentelemetry-sdk-logs-1.22.0-alpha.jar:/home/miguel/.m2/repository/io/opentelemetry/opentelemetry-api-logs/1.22.0-alpha/opentelemetry-api-logs-1.22.0-alpha.jar:/home/miguel/.m2/repository/io/opentelemetry/opentelemetry-sdk-common/1.22.0/opentelemetry-sdk-common-1.22.0.jar:/home/miguel/.m2/repository/io/opentelemetry/opentelemetry-sdk-extension-autoconfigure-spi/1.22.0/opentelemetry-sdk-extension-autoconfigure-spi-1.22.0.jar:/home/miguel/.m2/repository/io/opentelemetry/opentelemetry-sdk-extension-autoconfigure/1.22.0-alpha/opentelemetry-sdk-extension-autoconfigure-1.22.0-alpha.jar:/home/miguel/.m2/repository/io/opentelemetry/opentelemetry-sdk-trace/1.22.0/opentelemetry-sdk-trace-1.22.0.jar:/home/miguel/.m2/repository/io/opentelemetry/opentelemetry-sdk/1.22.0/opentelemetry-sdk-1.22.0.jar:/home/miguel/.m2/repository/io/opentelemetry/opentelemetry-semconv/1.22.0-alpha/opentelemetry-semconv-1.22.0-alpha.jar:/home/miguel/.m2/repository/io/ous/jtoml/2.0.0/jtoml-2.0.0.jar:/home/miguel/.m2/repository/net/bytebuddy/byte-buddy/1.12.22/byte-buddy-1.12.22.jar:/home/miguel/.m2/repository/org/apache/commons/commons-exec/1.3/commons-exec-1.3.jar:/home/miguel/.m2/repository/org/asynchttpclient/async-http-client/2.12.3/async-http-client-2.12.3.jar:/home/miguel/.m2/repository/org/asynchttpclient/async-http-client-netty-utils/2.12.3/async-http-client-netty-utils-2.12.3.jar:/home/miguel/.m2/repository/io/netty/netty-codec-socks/4.1.60.Final/netty-codec-socks-4.1.60.Final.jar:/home/miguel/.m2/repository/io/netty/netty-handler-proxy/4.1.60.Final/netty-handler-proxy-4.1.60.Final.jar:/home/miguel/.m2/repository/io/netty/netty-transport-native-epoll/4.1.60.Final/netty-transport-native-epoll-4.1.60.Final-linux-x86_64.jar:/home/miguel/.m2/repository/io/netty/netty-transport-native-kqueue/4.1.60.Final/netty-transport-native-kqueue-4.1.60.Final-osx-x86_64.jar:/home/miguel/.m2/repository/org/reactivestreams/reactive-streams/1.0.3/reactive-streams-1.0.3.jar:/home/miguel/.m2/repository/com/typesafe/netty/netty-reactive-streams/2.0.4/netty-reactive-streams-2.0.4.jar:/home/miguel/.m2/repository/com/sun/activation/jakarta.activation/1.2.2/jakarta.activation-1.2.2.jar:/home/miguel/.m2/repository/org/seleniumhq/selenium/selenium-manager/4.8.1/selenium-manager-4.8.1.jar:/home/miguel/.m2/repository/org/seleniumhq/selenium/selenium-safari-driver/4.8.1/selenium-safari-driver-4.8.1.jar:/home/miguel/.m2/repository/org/seleniumhq/selenium/selenium-support/4.8.1/selenium-support-4.8.1.jar:/home/miguel/.m2/repository/ch/qos/logback/logback-classic/1.5.3/logback-classic-1.5.3.jar:/home/miguel/.m2/repository/ch/qos/logback/logback-core/1.5.3/logback-core-1.5.3.jar:/home/miguel/.m2/repository/io/github/bonigarcia/webdrivermanager/5.3.2/webdrivermanager-5.3.2.jar:/home/miguel/.m2/repository/com/google/code/gson/gson/2.10.1/gson-2.10.1.jar:/home/miguel/.m2/repository/com/github/docker-java/docker-java/3.2.14/docker-java-3.2.14.jar:/home/miguel/.m2/repository/com/github/docker-java/docker-java-core/3.2.14/docker-java-core-3.2.14.jar:/home/miguel/.m2/repository/com/github/docker-java/docker-java-api/3.2.14/docker-java-api-3.2.14.jar:/home/miguel/.m2/repository/com/fasterxml/jackson/core/jackson-annotations/2.10.3/jackson-annotations-2.10.3.jar:/home/miguel/.m2/repository/commons-io/commons-io/2.6/commons-io-2.6.jar:/home/miguel/.m2/repository/org/apache/commons/commons-compress/1.21/commons-compress-1.21.jar:/home/miguel/.m2/repository/com/fasterxml/jackson/core/jackson-databind/2.10.3/jackson-databind-2.10.3.jar:/home/miguel/.m2/repository/com/fasterxml/jackson/core/jackson-core/2.10.3/jackson-core-2.10.3.jar:/home/miguel/.m2/repository/org/bouncycastle/bcpkix-jdk15on/1.64/bcpkix-jdk15on-1.64.jar:/home/miguel/.m2/repository/org/bouncycastle/bcprov-jdk15on/1.64/bcprov-jdk15on-1.64.jar:/home/miguel/.m2/repository/org/slf4j/jcl-over-slf4j/1.7.30/jcl-over-slf4j-1.7.30.jar:/home/miguel/.m2/repository/com/github/docker-java/docker-java-transport-httpclient5/3.2.14/docker-java-transport-httpclient5-3.2.14.jar:/home/miguel/.m2/repository/com/github/docker-java/docker-java-transport/3.2.14/docker-java-transport-3.2.14.jar:/home/miguel/.m2/repository/net/java/dev/jna/jna/5.12.1/jna-5.12.1.jar:/home/miguel/.m2/repository/org/brotli/dec/0.1.2/dec-0.1.2.jar:/home/miguel/.m2/repository/org/apache/commons/commons-lang3/3.12.0/commons-lang3-3.12.0.jar:/home/miguel/.m2/repository/org/apache/httpcomponents/client5/httpclient5/5.2.1/httpclient5-5.2.1.jar:/home/miguel/.m2/repository/org/apache/httpcomponents/core5/httpcore5/5.2/httpcore5-5.2.jar:/home/miguel/.m2/repository/org/apache/httpcomponents/core5/httpcore5-h2/5.2/httpcore5-h2-5.2.jar:/home/miguel/.m2/repository/org/junit/jupiter/junit-jupiter/5.10.2/junit-jupiter-5.10.2.jar:/home/miguel/.m2/repository/org/junit/jupiter/junit-jupiter-api/5.10.2/junit-jupiter-api-5.10.2.jar:/home/miguel/.m2/repository/org/opentest4j/opentest4j/1.3.0/opentest4j-1.3.0.jar:/home/miguel/.m2/repository/org/junit/platform/junit-platform-commons/1.10.2/junit-platform-commons-1.10.2.jar:/home/miguel/.m2/repository/org/junit/jupiter/junit-jupiter-params/5.10.2/junit-jupiter-params-5.10.2.jar:/home/miguel/.m2/repository/org/junit/jupiter/junit-jupiter-engine/5.10.2/junit-jupiter-engine-5.10.2.jar:/home/miguel/.m2/repository/org/junit/platform/junit-platform-suite/1.10.1/junit-platform-suite-1.10.1.jar:/home/miguel/.m2/repository/org/junit/platform/junit-platform-suite-api/1.10.1/junit-platform-suite-api-1.10.1.jar:/home/miguel/.m2/repository/org/junit/platform/junit-platform-suite-engine/1.10.1/junit-platform-suite-engine-1.10.1.jar:/home/miguel/.m2/repository/org/junit/platform/junit-platform-suite-commons/1.10.1/junit-platform-suite-commons-1.10.1.jar:/home/miguel/.m2/repository/org/junit/platform/junit-platform-launcher/1.10.1/junit-platform-launcher-1.10.1.jar:/home/miguel/.m2/repository/io/cucumber/cucumber-java/7.15.0/cucumber-java-7.15.0.jar:/home/miguel/.m2/repository/io/cucumber/cucumber-core/7.15.0/cucumber-core-7.15.0.jar:/home/miguel/.m2/repository/io/cucumber/cucumber-gherkin/7.15.0/cucumber-gherkin-7.15.0.jar:/home/miguel/.m2/repository/io/cucumber/cucumber-gherkin-messages/7.15.0/cucumber-gherkin-messages-7.15.0.jar:/home/miguel/.m2/repository/io/cucumber/gherkin/26.2.0/gherkin-26.2.0.jar:/home/miguel/.m2/repository/io/cucumber/messages/22.0.0/messages-22.0.0.jar:/home/miguel/.m2/repository/io/cucumber/tag-expressions/6.0.0/tag-expressions-6.0.0.jar:/home/miguel/.m2/repository/io/cucumber/cucumber-expressions/17.0.1/cucumber-expressions-17.0.1.jar:/home/miguel/.m2/repository/io/cucumber/datatable/7.15.0/datatable-7.15.0.jar:/home/miguel/.m2/repository/io/cucumber/cucumber-plugin/7.15.0/cucumber-plugin-7.15.0.jar:/home/miguel/.m2/repository/io/cucumber/docstring/7.15.0/docstring-7.15.0.jar:/home/miguel/.m2/repository/io/cucumber/html-formatter/20.4.0/html-formatter-20.4.0.jar:/home/miguel/.m2/repository/io/cucumber/junit-xml-formatter/0.2.0/junit-xml-formatter-0.2.0.jar:/home/miguel/.m2/repository/io/cucumber/ci-environment/10.0.0/ci-environment-10.0.0.jar:/home/miguel/.m2/repository/org/apiguardian/apiguardian-api/1.1.2/apiguardian-api-1.1.2.jar:/home/miguel/.m2/repository/io/cucumber/cucumber-junit-platform-engine/7.15.0/cucumber-junit-platform-engine-7.15.0.jar:/home/miguel/.m2/repository/org/junit/platform/junit-platform-engine/1.10.1/junit-platform-engine-1.10.1.jar:"/>
    <property name="java.vm.vendor" value="Private Build"/>
    <property name="sun.arch.data.model" value="64"/>
    <property name="java.vendor.url" value="Unknown"/>
    <property name="user.timezone" value="Europe/Lisbon"/>
    <property name="os.name" value="Linux"/>
    <property name="java.vm.specification.version" value="17"/>
    <property name="sun.java.launcher" value="SUN_STANDARD"/>
    <property name="user.country" value="PT"/>
    <property name="sun.boot.library.path" value="/usr/lib/jvm/java-17-openjdk-amd64/lib"/>
    <property name="sun.java.command" value="/home/miguel/Documentos/TQS1/TQS_107660/HW1/functionalTests/target/surefire/surefirebooter-20240409212617410_3.jar /home/miguel/Documentos/TQS1/TQS_107660/HW1/functionalTests/target/surefire 2024-04-09T21-26-17_364-jvmRun1 surefire-20240409212617410_1tmp surefire_0-20240409212617410_2tmp"/>
    <property name="jdk.debug" value="release"/>
    <property name="surefire.test.class.path" value="/home/miguel/Documentos/TQS1/TQS_107660/HW1/functionalTests/target/test-classes:/home/miguel/Documentos/TQS1/TQS_107660/HW1/functionalTests/target/classes:/home/miguel/.m2/repository/org/slf4j/slf4j-api/2.0.12/slf4j-api-2.0.12.jar:/home/miguel/.m2/repository/org/seleniumhq/selenium/selenium-java/4.8.1/selenium-java-4.8.1.jar:/home/miguel/.m2/repository/org/seleniumhq/selenium/selenium-api/4.8.1/selenium-api-4.8.1.jar:/home/miguel/.m2/repository/org/seleniumhq/selenium/selenium-chrome-driver/4.8.1/selenium-chrome-driver-4.8.1.jar:/home/miguel/.m2/repository/com/google/auto/service/auto-service-annotations/1.0.1/auto-service-annotations-1.0.1.jar:/home/miguel/.m2/repository/com/google/auto/service/auto-service/1.0.1/auto-service-1.0.1.jar:/home/miguel/.m2/repository/com/google/auto/auto-common/1.2/auto-common-1.2.jar:/home/miguel/.m2/repository/com/google/guava/guava/31.1-jre/guava-31.1-jre.jar:/home/miguel/.m2/repository/com/google/guava/failureaccess/1.0.1/failureaccess-1.0.1.jar:/home/miguel/.m2/repository/com/google/guava/listenablefuture/9999.0-empty-to-avoid-conflict-with-guava/listenablefuture-9999.0-empty-to-avoid-conflict-with-guava.jar:/home/miguel/.m2/repository/com/google/code/findbugs/jsr305/3.0.2/jsr305-3.0.2.jar:/home/miguel/.m2/repository/org/checkerframework/checker-qual/3.12.0/checker-qual-3.12.0.jar:/home/miguel/.m2/repository/com/google/errorprone/error_prone_annotations/2.11.0/error_prone_annotations-2.11.0.jar:/home/miguel/.m2/repository/com/google/j2objc/j2objc-annotations/1.3/j2objc-annotations-1.3.jar:/home/miguel/.m2/repository/org/seleniumhq/selenium/selenium-chromium-driver/4.8.1/selenium-chromium-driver-4.8.1.jar:/home/miguel/.m2/repository/org/seleniumhq/selenium/selenium-json/4.8.1/selenium-json-4.8.1.jar:/home/miguel/.m2/repository/org/seleniumhq/selenium/selenium-devtools-v108/4.8.1/selenium-devtools-v108-4.8.1.jar:/home/miguel/.m2/repository/org/seleniumhq/selenium/selenium-devtools-v109/4.8.1/selenium-devtools-v109-4.8.1.jar:/home/miguel/.m2/repository/org/seleniumhq/selenium/selenium-devtools-v110/4.8.1/selenium-devtools-v110-4.8.1.jar:/home/miguel/.m2/repository/org/seleniumhq/selenium/selenium-devtools-v85/4.8.1/selenium-devtools-v85-4.8.1.jar:/home/miguel/.m2/repository/org/seleniumhq/selenium/selenium-edge-driver/4.8.1/selenium-edge-driver-4.8.1.jar:/home/miguel/.m2/repository/org/seleniumhq/selenium/selenium-firefox-driver/4.8.1/selenium-firefox-driver-4.8.1.jar:/home/miguel/.m2/repository/org/seleniumhq/selenium/selenium-http/4.8.1/selenium-http-4.8.1.jar:/home/miguel/.m2/repository/dev/failsafe/failsafe/3.3.0/failsafe-3.3.0.jar:/home/miguel/.m2/repository/org/seleniumhq/selenium/selenium-ie-driver/4.8.1/selenium-ie-driver-4.8.1.jar:/home/miguel/.m2/repository/org/seleniumhq/selenium/selenium-remote-driver/4.8.1/selenium-remote-driver-4.8.1.jar:/home/miguel/.m2/repository/com/beust/jcommander/1.82/jcommander-1.82.jar:/home/miguel/.m2/repository/io/netty/netty-buffer/4.1.87.Final/netty-buffer-4.1.87.Final.jar:/home/miguel/.m2/repository/io/netty/netty-codec-http/4.1.87.Final/netty-codec-http-4.1.87.Final.jar:/home/miguel/.m2/repository/io/netty/netty-codec/4.1.87.Final/netty-codec-4.1.87.Final.jar:/home/miguel/.m2/repository/io/netty/netty-handler/4.1.87.Final/netty-handler-4.1.87.Final.jar:/home/miguel/.m2/repository/io/netty/netty-common/4.1.87.Final/netty-common-4.1.87.Final.jar:/home/miguel/.m2/repository/io/netty/netty-transport-classes-epoll/4.1.87.Final/netty-transport-classes-epoll-4.1.87.Final.jar:/home/miguel/.m2/repository/io/netty/netty-transport-classes-kqueue/4.1.87.Final/netty-transport-classes-kqueue-4.1.87.Final.jar:/home/miguel/.m2/repository/io/netty/netty-transport-native-epoll/4.1.87.Final/netty-transport-native-epoll-4.1.87.Final.jar:/home/miguel/.m2/repository/io/netty/netty-transport-native-kqueue/4.1.87.Final/netty-transport-native-kqueue-4.1.87.Final.jar:/home/miguel/.m2/repository/io/netty/netty-transport-native-unix-common/4.1.87.Final/netty-transport-native-unix-common-4.1.87.Final.jar:/home/miguel/.m2/repository/io/netty/netty-transport/4.1.87.Final/netty-transport-4.1.87.Final.jar:/home/miguel/.m2/repository/io/netty/netty-resolver/4.1.87.Final/netty-resolver-4.1.87.Final.jar:/home/miguel/.m2/repository/io/opentelemetry/opentelemetry-api/1.22.0/opentelemetry-api-1.22.0.jar:/home/miguel/.m2/repository/io/opentelemetry/opentelemetry-context/1.22.0/opentelemetry-context-1.22.0.jar:/home/miguel/.m2/repository/io/opentelemetry/opentelemetry-exporter-logging/1.22.0/opentelemetry-exporter-logging-1.22.0.jar:/home/miguel/.m2/repository/io/opentelemetry/opentelemetry-sdk-metrics/1.22.0/opentelemetry-sdk-metrics-1.22.0.jar:/home/miguel/.m2/repository/io/opentelemetry/opentelemetry-sdk-logs/1.22.0-alpha/opentelemetry-sdk-logs-1.22.0-alpha.jar:/home/miguel/.m2/repository/io/opentelemetry/opentelemetry-api-logs/1.22.0-alpha/opentelemetry-api-logs-1.22.0-alpha.jar:/home/miguel/.m2/repository/io/opentelemetry/opentelemetry-sdk-common/1.22.0/opentelemetry-sdk-common-1.22.0.jar:/home/miguel/.m2/repository/io/opentelemetry/opentelemetry-sdk-extension-autoconfigure-spi/1.22.0/opentelemetry-sdk-extension-autoconfigure-spi-1.22.0.jar:/home/miguel/.m2/repository/io/opentelemetry/opentelemetry-sdk-extension-autoconfigure/1.22.0-alpha/opentelemetry-sdk-extension-autoconfigure-1.22.0-alpha.jar:/home/miguel/.m2/repository/io/opentelemetry/opentelemetry-sdk-trace/1.22.0/opentelemetry-sdk-trace-1.22.0.jar:/home/miguel/.m2/repository/io/opentelemetry/opentelemetry-sdk/1.22.0/opentelemetry-sdk-1.22.0.jar:/home/miguel/.m2/repository/io/opentelemetry/opentelemetry-semconv/1.22.0-alpha/opentelemetry-semconv-1.22.0-alpha.jar:/home/miguel/.m2/repository/io/ous/jtoml/2.0.0/jtoml-2.0.0.jar:/home/miguel/.m2/repository/net/bytebuddy/byte-buddy/1.12.22/byte-buddy-1.12.22.jar:/home/miguel/.m2/repository/org/apache/commons/commons-exec/1.3/commons-exec-1.3.jar:/home/miguel/.m2/repository/org/asynchttpclient/async-http-client/2.12.3/async-http-client-2.12.3.jar:/home/miguel/.m2/repository/org/asynchttpclient/async-http-client-netty-utils/2.12.3/async-http-client-netty-utils-2.12.3.jar:/home/miguel/.m2/repository/io/netty/netty-codec-socks/4.1.60.Final/netty-codec-socks-4.1.60.Final.jar:/home/miguel/.m2/repository/io/netty/netty-handler-proxy/4.1.60.Final/netty-handler-proxy-4.1.60.Final.jar:/home/miguel/.m2/repository/io/netty/netty-transport-native-epoll/4.1.60.Final/netty-transport-native-epoll-4.1.60.Final-linux-x86_64.jar:/home/miguel/.m2/repository/io/netty/netty-transport-native-kqueue/4.1.60.Final/netty-transport-native-kqueue-4.1.60.Final-osx-x86_64.jar:/home/miguel/.m2/repository/org/reactivestreams/reactive-streams/1.0.3/reactive-streams-1.0.3.jar:/home/miguel/.m2/repository/com/typesafe/netty/netty-reactive-streams/2.0.4/netty-reactive-streams-2.0.4.jar:/home/miguel/.m2/repository/com/sun/activation/jakarta.activation/1.2.2/jakarta.activation-1.2.2.jar:/home/miguel/.m2/repository/org/seleniumhq/selenium/selenium-manager/4.8.1/selenium-manager-4.8.1.jar:/home/miguel/.m2/repository/org/seleniumhq/selenium/selenium-safari-driver/4.8.1/selenium-safari-driver-4.8.1.jar:/home/miguel/.m2/repository/org/seleniumhq/selenium/selenium-support/4.8.1/selenium-support-4.8.1.jar:/home/miguel/.m2/repository/ch/qos/logback/logback-classic/1.5.3/logback-classic-1.5.3.jar:/home/miguel/.m2/repository/ch/qos/logback/logback-core/1.5.3/logback-core-1.5.3.jar:/home/miguel/.m2/repository/io/github/bonigarcia/webdrivermanager/5.3.2/webdrivermanager-5.3.2.jar:/home/miguel/.m2/repository/com/google/code/gson/gson/2.10.1/gson-2.10.1.jar:/home/miguel/.m2/repository/com/github/docker-java/docker-java/3.2.14/docker-java-3.2.14.jar:/home/miguel/.m2/repository/com/github/docker-java/docker-java-core/3.2.14/docker-java-core-3.2.14.jar:/home/miguel/.m2/repository/com/github/docker-java/docker-java-api/3.2.14/docker-java-api-3.2.14.jar:/home/miguel/.m2/repository/com/fasterxml/jackson/core/jackson-annotations/2.10.3/jackson-annotations-2.10.3.jar:/home/miguel/.m2/repository/commons-io/commons-io/2.6/commons-io-2.6.jar:/home/miguel/.m2/repository/org/apache/commons/commons-compress/1.21/commons-compress-1.21.jar:/home/miguel/.m2/repository/com/fasterxml/jackson/core/jackson-databind/2.10.3/jackson-databind-2.10.3.jar:/home/miguel/.m2/repository/com/fasterxml/jackson/core/jackson-core/2.10.3/jackson-core-2.10.3.jar:/home/miguel/.m2/repository/org/bouncycastle/bcpkix-jdk15on/1.64/bcpkix-jdk15on-1.64.jar:/home/miguel/.m2/repository/org/bouncycastle/bcprov-jdk15on/1.64/bcprov-jdk15on-1.64.jar:/home/miguel/.m2/repository/org/slf4j/jcl-over-slf4j/1.7.30/jcl-over-slf4j-1.7.30.jar:/home/miguel/.m2/repository/com/github/docker-java/docker-java-transport-httpclient5/3.2.14/docker-java-transport-httpclient5-3.2.14.jar:/home/miguel/.m2/repository/com/github/docker-java/docker-java-transport/3.2.14/docker-java-transport-3.2.14.jar:/home/miguel/.m2/repository/net/java/dev/jna/jna/5.12.1/jna-5.12.1.jar:/home/miguel/.m2/repository/org/brotli/dec/0.1.2/dec-0.1.2.jar:/home/miguel/.m2/repository/org/apache/commons/commons-lang3/3.12.0/commons-lang3-3.12.0.jar:/home/miguel/.m2/repository/org/apache/httpcomponents/client5/httpclient5/5.2.1/httpclient5-5.2.1.jar:/home/miguel/.m2/repository/org/apache/httpcomponents/core5/httpcore5/5.2/httpcore5-5.2.jar:/home/miguel/.m2/repository/org/apache/httpcomponents/core5/httpcore5-h2/5.2/httpcore5-h2-5.2.jar:/home/miguel/.m2/repository/org/junit/jupiter/junit-jupiter/5.10.2/junit-jupiter-5.10.2.jar:/home/miguel/.m2/repository/org/junit/jupiter/junit-jupiter-api/5.10.2/junit-jupiter-api-5.10.2.jar:/home/miguel/.m2/repository/org/opentest4j/opentest4j/1.3.0/opentest4j-1.3.0.jar:/home/miguel/.m2/repository/org/junit/platform/junit-platform-commons/1.10.2/junit-platform-commons-1.10.2.jar:/home/miguel/.m2/repository/org/junit/jupiter/junit-jupiter-params/5.10.2/junit-jupiter-params-5.10.2.jar:/home/miguel/.m2/repository/org/junit/jupiter/junit-jupiter-engine/5.10.2/junit-jupiter-engine-5.10.2.jar:/home/miguel/.m2/repository/org/junit/platform/junit-platform-suite/1.10.1/junit-platform-suite-1.10.1.jar:/home/miguel/.m2/repository/org/junit/platform/junit-platform-suite-api/1.10.1/junit-platform-suite-api-1.10.1.jar:/home/miguel/.m2/repository/org/junit/platform/junit-platform-suite-engine/1.10.1/junit-platform-suite-engine-1.10.1.jar:/home/miguel/.m2/repository/org/junit/platform/junit-platform-suite-commons/1.10.1/junit-platform-suite-commons-1.10.1.jar:/home/miguel/.m2/repository/org/junit/platform/junit-platform-launcher/1.10.1/junit-platform-launcher-1.10.1.jar:/home/miguel/.m2/repository/io/cucumber/cucumber-java/7.15.0/cucumber-java-7.15.0.jar:/home/miguel/.m2/repository/io/cucumber/cucumber-core/7.15.0/cucumber-core-7.15.0.jar:/home/miguel/.m2/repository/io/cucumber/cucumber-gherkin/7.15.0/cucumber-gherkin-7.15.0.jar:/home/miguel/.m2/repository/io/cucumber/cucumber-gherkin-messages/7.15.0/cucumber-gherkin-messages-7.15.0.jar:/home/miguel/.m2/repository/io/cucumber/gherkin/26.2.0/gherkin-26.2.0.jar:/home/miguel/.m2/repository/io/cucumber/messages/22.0.0/messages-22.0.0.jar:/home/miguel/.m2/repository/io/cucumber/tag-expressions/6.0.0/tag-expressions-6.0.0.jar:/home/miguel/.m2/repository/io/cucumber/cucumber-expressions/17.0.1/cucumber-expressions-17.0.1.jar:/home/miguel/.m2/repository/io/cucumber/datatable/7.15.0/datatable-7.15.0.jar:/home/miguel/.m2/repository/io/cucumber/cucumber-plugin/7.15.0/cucumber-plugin-7.15.0.jar:/home/miguel/.m2/repository/io/cucumber/docstring/7.15.0/docstring-7.15.0.jar:/home/miguel/.m2/repository/io/cucumber/html-formatter/20.4.0/html-formatter-20.4.0.jar:/home/miguel/.m2/repository/io/cucumber/junit-xml-formatter/0.2.0/junit-xml-formatter-0.2.0.jar:/home/miguel/.m2/repository/io/cucumber/ci-environment/10.0.0/ci-environment-10.0.0.jar:/home/miguel/.m2/repository/org/apiguardian/apiguardian-api/1.1.2/apiguardian-api-1.1.2.jar:/home/miguel/.m2/repository/io/cucumber/cucumber-junit-platform-engine/7.15.0/cucumber-junit-platform-engine-7.15.0.jar:/home/miguel/.m2/repository/org/junit/platform/junit-platform-engine/1.10.1/junit-platform-engine-1.10.1.jar:"/>
    <property name="sun.cpu.endian" value="little"/>
    <property name="user.home" value="/home/miguel"/>
    <property name="user.language" value="pt"/>
    <property name="java.specification.vendor" value="Oracle Corporation"/>
    <property name="java.version.date" value="2024-01-16"/>
    <property name="java.home" value="/usr/lib/jvm/java-17-openjdk-amd64"/>
    <property name="file.separator" value="/"/>
    <property name="basedir" value="/home/miguel/Documentos/TQS1/TQS_107660/HW1/functionalTests"/>
    <property name="java.vm.compressedOopsMode" value="Zero based"/>
    <property name="line.separator" value="&#10;"/>
    <property name="java.vm.specification.vendor" value="Oracle Corporation"/>
    <property name="java.specification.name" value="Java Platform API Specification"/>
    <property name="surefire.real.class.path" value="/home/miguel/Documentos/TQS1/TQS_107660/HW1/functionalTests/target/surefire/surefirebooter-20240409212617410_3.jar"/>
    <property name="sun.management.compiler" value="HotSpot 64-Bit Tiered Compilers"/>
    <property name="java.runtime.version" value="17.0.10+7-Ubuntu-122.04.1"/>
    <property name="user.name" value="miguel"/>
    <property name="path.separator" value=":"/>
    <property name="os.version" value="6.5.0-27-generic"/>
    <property name="java.runtime.name" value="OpenJDK Runtime Environment"/>
    <property name="file.encoding" value="UTF-8"/>
    <property name="java.vm.name" value="OpenJDK 64-Bit Server VM"/>
    <property name="localRepository" value="/home/miguel/.m2/repository"/>
    <property name="java.vendor.url.bug" value="Unknown"/>
    <property name="java.io.tmpdir" value="/tmp"/>
    <property name="java.version" value="17.0.10"/>
    <property name="user.dir" value="/home/miguel/Documentos/TQS1/TQS_107660/HW1/functionalTests"/>
    <property name="os.arch" value="amd64"/>
    <property name="webdriver.gecko.driver" value="/home/miguel/.cache/selenium/geckodriver/linux64/0.34.0/geckodriver"/>
    <property name="java.vm.specification.name" value="Java Virtual Machine Specification"/>
    <property name="native.encoding" value="UTF-8"/>
    <property name="java.library.path" value="/usr/java/packages/lib:/usr/lib/x86_64-linux-gnu/jni:/lib/x86_64-linux-gnu:/usr/lib/x86_64-linux-gnu:/usr/lib/jni:/lib:/usr/lib"/>
    <property name="java.vm.info" value="mixed mode, sharing"/>
    <property name="java.vendor" value="Private Build"/>
    <property name="java.vm.version" value="17.0.10+7-Ubuntu-122.04.1"/>
    <property name="sun.io.unicode.encoding" value="UnicodeLittle"/>
    <property name="java.class.version" value="61.0"/>
  </properties>
  <testcase name="Booking a trip from Mexico City to Cairo" classname="Trips" time="4.406">
    <system-out><![CDATA[21:26:17.912 [main] DEBUG com.hw.TripSteps -- Navigate to http://localhost:4200
21:26:18.074 [main] DEBUG io.github.bonigarcia.wdm.cache.ResolutionCache -- Resolution firefox=124 in cache (valid until 22:23:04 09/04/2024 WEST)
21:26:18.075 [main] DEBUG io.github.bonigarcia.wdm.cache.ResolutionCache -- Resolution firefox124=0.34.0 in cache (valid until 22:49:41 09/04/2024 WEST)
21:26:18.076 [main] INFO io.github.bonigarcia.wdm.WebDriverManager -- Using geckodriver 0.34.0 (resolved driver for Firefox 124)
21:26:18.083 [main] DEBUG io.github.bonigarcia.wdm.WebDriverManager -- Driver geckodriver 0.34.0 found in cache
21:26:18.083 [main] INFO io.github.bonigarcia.wdm.WebDriverManager -- Exporting webdriver.gecko.driver as /home/miguel/.cache/selenium/geckodriver/linux64/0.34.0/geckodriver
21:26:18.117 [main] DEBUG io.netty.util.internal.logging.InternalLoggerFactory -- Using SLF4J as the default logging framework
21:26:18.118 [main] DEBUG io.netty.util.ResourceLeakDetector -- -Dio.netty.leakDetection.level: simple
21:26:18.118 [main] DEBUG io.netty.util.ResourceLeakDetector -- -Dio.netty.leakDetection.targetRecords: 4
21:26:18.120 [main] DEBUG io.netty.util.ResourceLeakDetectorFactory -- Loaded default ResourceLeakDetector: io.netty.util.ResourceLeakDetector@5b43e173
21:26:18.125 [main] DEBUG io.netty.util.internal.PlatformDependent0 -- -Dio.netty.noUnsafe: false
21:26:18.126 [main] DEBUG io.netty.util.internal.PlatformDependent0 -- Java version: 17
21:26:18.126 [main] DEBUG io.netty.util.internal.PlatformDependent0 -- sun.misc.Unsafe.theUnsafe: available
21:26:18.127 [main] DEBUG io.netty.util.internal.PlatformDependent0 -- sun.misc.Unsafe.copyMemory: available
21:26:18.127 [main] DEBUG io.netty.util.internal.PlatformDependent0 -- sun.misc.Unsafe.storeFence: available
21:26:18.127 [main] DEBUG io.netty.util.internal.PlatformDependent0 -- java.nio.Buffer.address: available
21:26:18.127 [main] DEBUG io.netty.util.internal.PlatformDependent0 -- direct buffer constructor: unavailable: Reflective setAccessible(true) disabled
21:26:18.127 [main] DEBUG io.netty.util.internal.PlatformDependent0 -- java.nio.Bits.unaligned: available, true
21:26:18.128 [main] DEBUG io.netty.util.internal.PlatformDependent0 -- jdk.internal.misc.Unsafe.allocateUninitializedArray(int): unavailable: class io.netty.util.internal.PlatformDependent0$7 cannot access class jdk.internal.misc.Unsafe (in module java.base) because module java.base does not export jdk.internal.misc to unnamed module @fdc8126
21:26:18.129 [main] DEBUG io.netty.util.internal.PlatformDependent0 -- java.nio.DirectByteBuffer.<init>(long, int): unavailable
21:26:18.129 [main] DEBUG io.netty.util.internal.PlatformDependent -- sun.misc.Unsafe: available
21:26:18.130 [main] DEBUG io.netty.util.internal.PlatformDependent -- maxDirectMemory: 3974103040 bytes (maybe)
21:26:18.130 [main] DEBUG io.netty.util.internal.PlatformDependent -- -Dio.netty.tmpdir: /tmp (java.io.tmpdir)
21:26:18.130 [main] DEBUG io.netty.util.internal.PlatformDependent -- -Dio.netty.bitMode: 64 (sun.arch.data.model)
21:26:18.131 [main] DEBUG io.netty.util.internal.PlatformDependent -- -Dio.netty.maxDirectMemory: -1 bytes
21:26:18.131 [main] DEBUG io.netty.util.internal.PlatformDependent -- -Dio.netty.uninitializedArrayAllocationThreshold: -1
21:26:18.131 [main] DEBUG io.netty.util.internal.CleanerJava9 -- java.nio.ByteBuffer.cleaner(): available
21:26:18.131 [main] DEBUG io.netty.util.internal.PlatformDependent -- -Dio.netty.noPreferDirect: false
21:26:18.137 [main] DEBUG io.netty.util.internal.PlatformDependent -- org.jctools-core.MpscChunkedArrayQueue: available
21:26:18.145 [main] DEBUG io.netty.util.internal.InternalThreadLocalMap -- -Dio.netty.threadLocalMap.stringBuilder.initialSize: 1024
21:26:18.145 [main] DEBUG io.netty.util.internal.InternalThreadLocalMap -- -Dio.netty.threadLocalMap.stringBuilder.maxSize: 4096
21:26:18.163 [main] DEBUG io.netty.handler.ssl.JdkSslContext -- Default protocols (JDK): [TLSv1.3, TLSv1.2] 
21:26:18.164 [main] DEBUG io.netty.handler.ssl.JdkSslContext -- Default cipher suites (JDK): [TLS_ECDHE_ECDSA_WITH_AES_256_GCM_SHA384, TLS_ECDHE_ECDSA_WITH_AES_128_GCM_SHA256, TLS_ECDHE_RSA_WITH_AES_128_GCM_SHA256, TLS_ECDHE_RSA_WITH_AES_256_GCM_SHA384, TLS_ECDHE_RSA_WITH_AES_128_CBC_SHA, TLS_ECDHE_RSA_WITH_AES_256_CBC_SHA, TLS_RSA_WITH_AES_128_GCM_SHA256, TLS_RSA_WITH_AES_128_CBC_SHA, TLS_RSA_WITH_AES_256_CBC_SHA, TLS_AES_128_GCM_SHA256, TLS_AES_256_GCM_SHA384]
21:26:18.172 [main] DEBUG io.netty.channel.MultithreadEventLoopGroup -- -Dio.netty.eventLoopThreads: 32
21:26:18.175 [main] DEBUG io.netty.channel.nio.NioEventLoop -- -Dio.netty.noKeySetOptimization: false
21:26:18.175 [main] DEBUG io.netty.channel.nio.NioEventLoop -- -Dio.netty.selectorAutoRebuildThreshold: 512
21:26:18.184 [main] DEBUG io.netty.buffer.PooledByteBufAllocator -- -Dio.netty.allocator.numHeapArenas: 32
21:26:18.185 [main] DEBUG io.netty.buffer.PooledByteBufAllocator -- -Dio.netty.allocator.numDirectArenas: 32
21:26:18.185 [main] DEBUG io.netty.buffer.PooledByteBufAllocator -- -Dio.netty.allocator.pageSize: 8192
21:26:18.185 [main] DEBUG io.netty.buffer.PooledByteBufAllocator -- -Dio.netty.allocator.maxOrder: 9
21:26:18.185 [main] DEBUG io.netty.buffer.PooledByteBufAllocator -- -Dio.netty.allocator.chunkSize: 4194304
21:26:18.185 [main] DEBUG io.netty.buffer.PooledByteBufAllocator -- -Dio.netty.allocator.smallCacheSize: 256
21:26:18.185 [main] DEBUG io.netty.buffer.PooledByteBufAllocator -- -Dio.netty.allocator.normalCacheSize: 64
21:26:18.185 [main] DEBUG io.netty.buffer.PooledByteBufAllocator -- -Dio.netty.allocator.maxCachedBufferCapacity: 32768
21:26:18.185 [main] DEBUG io.netty.buffer.PooledByteBufAllocator -- -Dio.netty.allocator.cacheTrimInterval: 8192
21:26:18.185 [main] DEBUG io.netty.buffer.PooledByteBufAllocator -- -Dio.netty.allocator.cacheTrimIntervalMillis: 0
21:26:18.185 [main] DEBUG io.netty.buffer.PooledByteBufAllocator -- -Dio.netty.allocator.useCacheForAllThreads: false
21:26:18.185 [main] DEBUG io.netty.buffer.PooledByteBufAllocator -- -Dio.netty.allocator.maxCachedByteBuffersPerChunk: 1023
21:26:18.191 [main] DEBUG io.netty.buffer.ByteBufUtil -- -Dio.netty.allocator.type: pooled
21:26:18.191 [main] DEBUG io.netty.buffer.ByteBufUtil -- -Dio.netty.threadLocalDirectBufferSize: 0
21:26:18.191 [main] DEBUG io.netty.buffer.ByteBufUtil -- -Dio.netty.maxThreadLocalCharBufferSize: 16384
21:26:18.320 [Forwarding newSession on session null to remote] DEBUG io.netty.channel.DefaultChannelId -- -Dio.netty.processId: 87067 (auto-detected)
21:26:18.321 [Forwarding newSession on session null to remote] DEBUG io.netty.util.NetUtil -- -Djava.net.preferIPv4Stack: false
21:26:18.321 [Forwarding newSession on session null to remote] DEBUG io.netty.util.NetUtil -- -Djava.net.preferIPv6Addresses: false
21:26:18.321 [Forwarding newSession on session null to remote] DEBUG io.netty.util.NetUtilInitializations -- Loopback interface: lo (lo, 0:0:0:0:0:0:0:1%lo)
21:26:18.322 [Forwarding newSession on session null to remote] DEBUG io.netty.util.NetUtil -- /proc/sys/net/core/somaxconn: 4096
21:26:18.322 [Forwarding newSession on session null to remote] DEBUG io.netty.channel.DefaultChannelId -- -Dio.netty.machineId: 14:ac:60:ff:fe:32:a6:09 (auto-detected)
21:26:18.341 [AsyncHttpClient-1-2] DEBUG io.netty.buffer.AbstractByteBuf -- -Dio.netty.buffer.checkAccessible: true
21:26:18.341 [AsyncHttpClient-1-2] DEBUG io.netty.buffer.AbstractByteBuf -- -Dio.netty.buffer.checkBounds: true
21:26:18.341 [AsyncHttpClient-1-2] DEBUG io.netty.util.ResourceLeakDetectorFactory -- Loaded default ResourceLeakDetector: io.netty.util.ResourceLeakDetector@4edf5876
21:26:18.348 [AsyncHttpClient-1-2] DEBUG org.asynchttpclient.netty.channel.NettyConnectListener -- Using new Channel '[id: 0x8a8e6733, L:/127.0.0.1:53886 - R:localhost/127.0.0.1:15661]' for 'POST' to '/session'
21:26:18.356 [AsyncHttpClient-1-2] DEBUG io.netty.util.Recycler -- -Dio.netty.recycler.maxCapacityPerThread: 4096
21:26:18.356 [AsyncHttpClient-1-2] DEBUG io.netty.util.Recycler -- -Dio.netty.recycler.ratio: 8
21:26:18.356 [AsyncHttpClient-1-2] DEBUG io.netty.util.Recycler -- -Dio.netty.recycler.chunkSize: 32
21:26:18.356 [AsyncHttpClient-1-2] DEBUG io.netty.util.Recycler -- -Dio.netty.recycler.blocking: false
21:26:20.016 [AsyncHttpClient-1-2] DEBUG io.netty.handler.codec.compression.Brotli -- brotli4j not in the classpath; Brotli support will be unavailable.
21:26:20.016 [AsyncHttpClient-1-2] DEBUG org.asynchttpclient.netty.handler.HttpHandler -- 

Request DefaultHttpRequest(decodeResult: success, version: HTTP/1.1)
POST /session HTTP/1.1
User-Agent: selenium/4.8.1 (java unix)
Content-Length: 587
Content-Type: application/json; charset=utf-8
host: localhost:15661
accept: */*

Response DefaultHttpResponse(decodeResult: success, version: HTTP/1.1)
HTTP/1.1 200 OK
content-type: application/json; charset=utf-8
cache-control: no-cache
content-length: 721
date: Tue, 09 Apr 2024 20:26:18 GMT

21:26:20.018 [AsyncHttpClient-1-2] DEBUG org.asynchttpclient.netty.channel.ChannelManager -- Adding key: http://localhost:15661 for channel [id: 0x8a8e6733, L:/127.0.0.1:53886 - R:localhost/127.0.0.1:15661]
21:26:20.056 [AsyncHttpClient-1-3] DEBUG org.asynchttpclient.netty.channel.NettyConnectListener -- Using new Channel '[id: 0x6b26e46e, L:/127.0.0.1:45046 - R:/127.0.0.1:18856]' for 'GET' to '/json/version'
21:26:20.060 [AsyncHttpClient-1-3] DEBUG org.asynchttpclient.netty.handler.HttpHandler -- 

Request DefaultFullHttpRequest(decodeResult: success, version: HTTP/1.1, content: EmptyByteBufBE)
GET /json/version HTTP/1.1
User-Agent: selenium/4.8.1 (java unix)
host: 127.0.0.1:18856
accept: */*

Response DefaultHttpResponse(decodeResult: success, version: HTTP/1.1)
HTTP/1.1 200 OK
content-type: application/json
content-security-policy: frame-ancestors 'none'
connection: close
server: httpd.js
date: Tue, 09 Apr 2024 20:26:20 GMT

21:26:20.061 [AsyncHttpClient-1-3] DEBUG org.asynchttpclient.netty.channel.ChannelManager -- Closing Channel [id: 0x6b26e46e, L:/127.0.0.1:45046 ! R:/127.0.0.1:18856] 
21:26:20.061 [AsyncHttpClient-1-3] DEBUG org.asynchttpclient.netty.handler.HttpHandler -- Channel Closed: [id: 0x6b26e46e, L:/127.0.0.1:45046 ! R:/127.0.0.1:18856] with attribute DISCARD
21:26:20.067 [Forwarding get on session b7c5f0f3-4ba8-4de0-b8a9-9c774cd254cb to remote] DEBUG org.asynchttpclient.netty.request.NettyRequestSender -- Using pooled Channel '[id: 0x8a8e6733, L:/127.0.0.1:53886 - R:localhost/127.0.0.1:15661]' for 'POST' to 'http://localhost:15661/session/b7c5f0f3-4ba8-4de0-b8a9-9c774cd254cb/url'
21:26:20.067 [Forwarding get on session b7c5f0f3-4ba8-4de0-b8a9-9c774cd254cb to remote] DEBUG org.asynchttpclient.netty.request.NettyRequestSender -- Using open Channel [id: 0x8a8e6733, L:/127.0.0.1:53886 - R:localhost/127.0.0.1:15661] for POST '/session/b7c5f0f3-4ba8-4de0-b8a9-9c774cd254cb/url'
21:26:20.911 [AsyncHttpClient-1-2] DEBUG org.asynchttpclient.netty.handler.HttpHandler -- 

Request DefaultHttpRequest(decodeResult: success, version: HTTP/1.1)
POST /session/b7c5f0f3-4ba8-4de0-b8a9-9c774cd254cb/url HTTP/1.1
User-Agent: selenium/4.8.1 (java unix)
Content-Length: 46
Content-Type: application/json; charset=utf-8
host: localhost:15661
accept: */*

Response DefaultHttpResponse(decodeResult: success, version: HTTP/1.1)
HTTP/1.1 200 OK
content-type: application/json; charset=utf-8
cache-control: no-cache
content-length: 14
date: Tue, 09 Apr 2024 20:26:20 GMT

21:26:20.912 [AsyncHttpClient-1-2] DEBUG org.asynchttpclient.netty.channel.ChannelManager -- Adding key: http://localhost:15661 for channel [id: 0x8a8e6733, L:/127.0.0.1:53886 - R:localhost/127.0.0.1:15661]
21:26:20.915 [main] DEBUG com.hw.TripSteps -- Choose departure city Porto and destination city Lisboa
21:26:20.916 [Forwarding findElement on session b7c5f0f3-4ba8-4de0-b8a9-9c774cd254cb to remote] DEBUG org.asynchttpclient.netty.request.NettyRequestSender -- Using pooled Channel '[id: 0x8a8e6733, L:/127.0.0.1:53886 - R:localhost/127.0.0.1:15661]' for 'POST' to 'http://localhost:15661/session/b7c5f0f3-4ba8-4de0-b8a9-9c774cd254cb/element'
21:26:20.916 [Forwarding findElement on session b7c5f0f3-4ba8-4de0-b8a9-9c774cd254cb to remote] DEBUG org.asynchttpclient.netty.request.NettyRequestSender -- Using open Channel [id: 0x8a8e6733, L:/127.0.0.1:53886 - R:localhost/127.0.0.1:15661] for POST '/session/b7c5f0f3-4ba8-4de0-b8a9-9c774cd254cb/element'
21:26:20.925 [AsyncHttpClient-1-2] DEBUG org.asynchttpclient.netty.handler.HttpHandler -- 

Request DefaultHttpRequest(decodeResult: success, version: HTTP/1.1)
POST /session/b7c5f0f3-4ba8-4de0-b8a9-9c774cd254cb/element HTTP/1.1
User-Agent: selenium/4.8.1 (java unix)
Content-Length: 56
Content-Type: application/json; charset=utf-8
host: localhost:15661
accept: */*

Response DefaultHttpResponse(decodeResult: success, version: HTTP/1.1)
HTTP/1.1 200 OK
content-type: application/json; charset=utf-8
cache-control: no-cache
content-length: 88
date: Tue, 09 Apr 2024 20:26:20 GMT

21:26:20.925 [AsyncHttpClient-1-2] DEBUG org.asynchttpclient.netty.channel.ChannelManager -- Adding key: http://localhost:15661 for channel [id: 0x8a8e6733, L:/127.0.0.1:53886 - R:localhost/127.0.0.1:15661]
21:26:20.936 [Forwarding sendKeysToElement on session b7c5f0f3-4ba8-4de0-b8a9-9c774cd254cb to remote] DEBUG org.asynchttpclient.netty.request.NettyRequestSender -- Using pooled Channel '[id: 0x8a8e6733, L:/127.0.0.1:53886 - R:localhost/127.0.0.1:15661]' for 'POST' to 'http://localhost:15661/session/b7c5f0f3-4ba8-4de0-b8a9-9c774cd254cb/element/48a33b44-8278-4e15-9168-ead97362a458/value'
21:26:20.937 [Forwarding sendKeysToElement on session b7c5f0f3-4ba8-4de0-b8a9-9c774cd254cb to remote] DEBUG org.asynchttpclient.netty.request.NettyRequestSender -- Using open Channel [id: 0x8a8e6733, L:/127.0.0.1:53886 - R:localhost/127.0.0.1:15661] for POST '/session/b7c5f0f3-4ba8-4de0-b8a9-9c774cd254cb/element/48a33b44-8278-4e15-9168-ead97362a458/value'
21:26:20.967 [AsyncHttpClient-1-2] DEBUG org.asynchttpclient.netty.handler.HttpHandler -- 

Request DefaultHttpRequest(decodeResult: success, version: HTTP/1.1)
POST /session/b7c5f0f3-4ba8-4de0-b8a9-9c774cd254cb/element/48a33b44-8278-4e15-9168-ead97362a458/value HTTP/1.1
User-Agent: selenium/4.8.1 (java unix)
Content-Length: 131
Content-Type: application/json; charset=utf-8
host: localhost:15661
accept: */*

Response DefaultHttpResponse(decodeResult: success, version: HTTP/1.1)
HTTP/1.1 200 OK
content-type: application/json; charset=utf-8
cache-control: no-cache
content-length: 14
date: Tue, 09 Apr 2024 20:26:20 GMT

21:26:20.967 [AsyncHttpClient-1-2] DEBUG org.asynchttpclient.netty.channel.ChannelManager -- Adding key: http://localhost:15661 for channel [id: 0x8a8e6733, L:/127.0.0.1:53886 - R:localhost/127.0.0.1:15661]
21:26:20.969 [Forwarding findElement on session b7c5f0f3-4ba8-4de0-b8a9-9c774cd254cb to remote] DEBUG org.asynchttpclient.netty.request.NettyRequestSender -- Using pooled Channel '[id: 0x8a8e6733, L:/127.0.0.1:53886 - R:localhost/127.0.0.1:15661]' for 'POST' to 'http://localhost:15661/session/b7c5f0f3-4ba8-4de0-b8a9-9c774cd254cb/element'
21:26:20.969 [Forwarding findElement on session b7c5f0f3-4ba8-4de0-b8a9-9c774cd254cb to remote] DEBUG org.asynchttpclient.netty.request.NettyRequestSender -- Using open Channel [id: 0x8a8e6733, L:/127.0.0.1:53886 - R:localhost/127.0.0.1:15661] for POST '/session/b7c5f0f3-4ba8-4de0-b8a9-9c774cd254cb/element'
21:26:20.971 [AsyncHttpClient-1-2] DEBUG org.asynchttpclient.netty.handler.HttpHandler -- 

Request DefaultHttpRequest(decodeResult: success, version: HTTP/1.1)
POST /session/b7c5f0f3-4ba8-4de0-b8a9-9c774cd254cb/element HTTP/1.1
User-Agent: selenium/4.8.1 (java unix)
Content-Length: 63
Content-Type: application/json; charset=utf-8
host: localhost:15661
accept: */*

Response DefaultHttpResponse(decodeResult: success, version: HTTP/1.1)
HTTP/1.1 200 OK
content-type: application/json; charset=utf-8
cache-control: no-cache
content-length: 88
date: Tue, 09 Apr 2024 20:26:20 GMT

21:26:20.971 [AsyncHttpClient-1-2] DEBUG org.asynchttpclient.netty.channel.ChannelManager -- Adding key: http://localhost:15661 for channel [id: 0x8a8e6733, L:/127.0.0.1:53886 - R:localhost/127.0.0.1:15661]
21:26:20.973 [Forwarding sendKeysToElement on session b7c5f0f3-4ba8-4de0-b8a9-9c774cd254cb to remote] DEBUG org.asynchttpclient.netty.request.NettyRequestSender -- Using pooled Channel '[id: 0x8a8e6733, L:/127.0.0.1:53886 - R:localhost/127.0.0.1:15661]' for 'POST' to 'http://localhost:15661/session/b7c5f0f3-4ba8-4de0-b8a9-9c774cd254cb/element/4a39505b-8d01-4865-b81e-6918f54bcded/value'
21:26:20.973 [Forwarding sendKeysToElement on session b7c5f0f3-4ba8-4de0-b8a9-9c774cd254cb to remote] DEBUG org.asynchttpclient.netty.request.NettyRequestSender -- Using open Channel [id: 0x8a8e6733, L:/127.0.0.1:53886 - R:localhost/127.0.0.1:15661] for POST '/session/b7c5f0f3-4ba8-4de0-b8a9-9c774cd254cb/element/4a39505b-8d01-4865-b81e-6918f54bcded/value'
21:26:20.978 [AsyncHttpClient-1-2] DEBUG org.asynchttpclient.netty.handler.HttpHandler -- 

Request DefaultHttpRequest(decodeResult: success, version: HTTP/1.1)
POST /session/b7c5f0f3-4ba8-4de0-b8a9-9c774cd254cb/element/4a39505b-8d01-4865-b81e-6918f54bcded/value HTTP/1.1
User-Agent: selenium/4.8.1 (java unix)
Content-Length: 141
Content-Type: application/json; charset=utf-8
host: localhost:15661
accept: */*

Response DefaultHttpResponse(decodeResult: success, version: HTTP/1.1)
HTTP/1.1 200 OK
content-type: application/json; charset=utf-8
cache-control: no-cache
content-length: 14
date: Tue, 09 Apr 2024 20:26:20 GMT

21:26:20.978 [AsyncHttpClient-1-2] DEBUG org.asynchttpclient.netty.channel.ChannelManager -- Adding key: http://localhost:15661 for channel [id: 0x8a8e6733, L:/127.0.0.1:53886 - R:localhost/127.0.0.1:15661]
21:26:20.979 [main] DEBUG com.hw.TripSteps -- Click Find Flights button
21:26:20.980 [Forwarding findElement on session b7c5f0f3-4ba8-4de0-b8a9-9c774cd254cb to remote] DEBUG org.asynchttpclient.netty.request.NettyRequestSender -- Using pooled Channel '[id: 0x8a8e6733, L:/127.0.0.1:53886 - R:localhost/127.0.0.1:15661]' for 'POST' to 'http://localhost:15661/session/b7c5f0f3-4ba8-4de0-b8a9-9c774cd254cb/element'
21:26:20.980 [Forwarding findElement on session b7c5f0f3-4ba8-4de0-b8a9-9c774cd254cb to remote] DEBUG org.asynchttpclient.netty.request.NettyRequestSender -- Using open Channel [id: 0x8a8e6733, L:/127.0.0.1:53886 - R:localhost/127.0.0.1:15661] for POST '/session/b7c5f0f3-4ba8-4de0-b8a9-9c774cd254cb/element'
21:26:20.982 [AsyncHttpClient-1-2] DEBUG org.asynchttpclient.netty.handler.HttpHandler -- 

Request DefaultHttpRequest(decodeResult: success, version: HTTP/1.1)
POST /session/b7c5f0f3-4ba8-4de0-b8a9-9c774cd254cb/element HTTP/1.1
User-Agent: selenium/4.8.1 (java unix)
Content-Length: 67
Content-Type: application/json; charset=utf-8
host: localhost:15661
accept: */*

Response DefaultHttpResponse(decodeResult: success, version: HTTP/1.1)
HTTP/1.1 200 OK
content-type: application/json; charset=utf-8
cache-control: no-cache
content-length: 88
date: Tue, 09 Apr 2024 20:26:20 GMT

21:26:20.982 [AsyncHttpClient-1-2] DEBUG org.asynchttpclient.netty.channel.ChannelManager -- Adding key: http://localhost:15661 for channel [id: 0x8a8e6733, L:/127.0.0.1:53886 - R:localhost/127.0.0.1:15661]
21:26:20.984 [Forwarding clickElement on session b7c5f0f3-4ba8-4de0-b8a9-9c774cd254cb to remote] DEBUG org.asynchttpclient.netty.request.NettyRequestSender -- Using pooled Channel '[id: 0x8a8e6733, L:/127.0.0.1:53886 - R:localhost/127.0.0.1:15661]' for 'POST' to 'http://localhost:15661/session/b7c5f0f3-4ba8-4de0-b8a9-9c774cd254cb/element/bc637f49-02e9-4005-ba90-241c3e41c451/click'
21:26:20.984 [Forwarding clickElement on session b7c5f0f3-4ba8-4de0-b8a9-9c774cd254cb to remote] DEBUG org.asynchttpclient.netty.request.NettyRequestSender -- Using open Channel [id: 0x8a8e6733, L:/127.0.0.1:53886 - R:localhost/127.0.0.1:15661] for POST '/session/b7c5f0f3-4ba8-4de0-b8a9-9c774cd254cb/element/bc637f49-02e9-4005-ba90-241c3e41c451/click'
21:26:21.215 [AsyncHttpClient-1-2] DEBUG org.asynchttpclient.netty.handler.HttpHandler -- 

Request DefaultHttpRequest(decodeResult: success, version: HTTP/1.1)
POST /session/b7c5f0f3-4ba8-4de0-b8a9-9c774cd254cb/element/bc637f49-02e9-4005-ba90-241c3e41c451/click HTTP/1.1
User-Agent: selenium/4.8.1 (java unix)
Content-Length: 50
Content-Type: application/json; charset=utf-8
host: localhost:15661
accept: */*

Response DefaultHttpResponse(decodeResult: success, version: HTTP/1.1)
HTTP/1.1 200 OK
content-type: application/json; charset=utf-8
cache-control: no-cache
content-length: 14
date: Tue, 09 Apr 2024 20:26:20 GMT

21:26:21.216 [AsyncHttpClient-1-2] DEBUG org.asynchttpclient.netty.channel.ChannelManager -- Adding key: http://localhost:15661 for channel [id: 0x8a8e6733, L:/127.0.0.1:53886 - R:localhost/127.0.0.1:15661]
21:26:21.217 [main] DEBUG com.hw.TripSteps -- Choose a trip and click the button
21:26:21.218 [Forwarding findElement on session b7c5f0f3-4ba8-4de0-b8a9-9c774cd254cb to remote] DEBUG org.asynchttpclient.netty.request.NettyRequestSender -- Using pooled Channel '[id: 0x8a8e6733, L:/127.0.0.1:53886 - R:localhost/127.0.0.1:15661]' for 'POST' to 'http://localhost:15661/session/b7c5f0f3-4ba8-4de0-b8a9-9c774cd254cb/element'
21:26:21.218 [Forwarding findElement on session b7c5f0f3-4ba8-4de0-b8a9-9c774cd254cb to remote] DEBUG org.asynchttpclient.netty.request.NettyRequestSender -- Using open Channel [id: 0x8a8e6733, L:/127.0.0.1:53886 - R:localhost/127.0.0.1:15661] for POST '/session/b7c5f0f3-4ba8-4de0-b8a9-9c774cd254cb/element'
21:26:21.220 [AsyncHttpClient-1-2] DEBUG org.asynchttpclient.netty.handler.HttpHandler -- 

Request DefaultHttpRequest(decodeResult: success, version: HTTP/1.1)
POST /session/b7c5f0f3-4ba8-4de0-b8a9-9c774cd254cb/element HTTP/1.1
User-Agent: selenium/4.8.1 (java unix)
Content-Length: 62
Content-Type: application/json; charset=utf-8
host: localhost:15661
accept: */*

Response DefaultHttpResponse(decodeResult: success, version: HTTP/1.1)
HTTP/1.1 200 OK
content-type: application/json; charset=utf-8
cache-control: no-cache
content-length: 88
date: Tue, 09 Apr 2024 20:26:21 GMT

21:26:21.221 [AsyncHttpClient-1-2] DEBUG org.asynchttpclient.netty.channel.ChannelManager -- Adding key: http://localhost:15661 for channel [id: 0x8a8e6733, L:/127.0.0.1:53886 - R:localhost/127.0.0.1:15661]
21:26:21.223 [Forwarding clickElement on session b7c5f0f3-4ba8-4de0-b8a9-9c774cd254cb to remote] DEBUG org.asynchttpclient.netty.request.NettyRequestSender -- Using pooled Channel '[id: 0x8a8e6733, L:/127.0.0.1:53886 - R:localhost/127.0.0.1:15661]' for 'POST' to 'http://localhost:15661/session/b7c5f0f3-4ba8-4de0-b8a9-9c774cd254cb/element/ae828f68-3d9c-4178-b424-62bbb5f3386b/click'
21:26:21.223 [Forwarding clickElement on session b7c5f0f3-4ba8-4de0-b8a9-9c774cd254cb to remote] DEBUG org.asynchttpclient.netty.request.NettyRequestSender -- Using open Channel [id: 0x8a8e6733, L:/127.0.0.1:53886 - R:localhost/127.0.0.1:15661] for POST '/session/b7c5f0f3-4ba8-4de0-b8a9-9c774cd254cb/element/ae828f68-3d9c-4178-b424-62bbb5f3386b/click'
21:26:21.442 [AsyncHttpClient-1-2] DEBUG org.asynchttpclient.netty.handler.HttpHandler -- 

Request DefaultHttpRequest(decodeResult: success, version: HTTP/1.1)
POST /session/b7c5f0f3-4ba8-4de0-b8a9-9c774cd254cb/element/ae828f68-3d9c-4178-b424-62bbb5f3386b/click HTTP/1.1
User-Agent: selenium/4.8.1 (java unix)
Content-Length: 50
Content-Type: application/json; charset=utf-8
host: localhost:15661
accept: */*

Response DefaultHttpResponse(decodeResult: success, version: HTTP/1.1)
HTTP/1.1 200 OK
content-type: application/json; charset=utf-8
cache-control: no-cache
content-length: 14
date: Tue, 09 Apr 2024 20:26:21 GMT

21:26:21.443 [AsyncHttpClient-1-2] DEBUG org.asynchttpclient.netty.channel.ChannelManager -- Adding key: http://localhost:15661 for channel [id: 0x8a8e6733, L:/127.0.0.1:53886 - R:localhost/127.0.0.1:15661]
21:26:21.443 [main] DEBUG com.hw.TripSteps -- Fill in name as Miguel
21:26:21.444 [Forwarding findElement on session b7c5f0f3-4ba8-4de0-b8a9-9c774cd254cb to remote] DEBUG org.asynchttpclient.netty.request.NettyRequestSender -- Using pooled Channel '[id: 0x8a8e6733, L:/127.0.0.1:53886 - R:localhost/127.0.0.1:15661]' for 'POST' to 'http://localhost:15661/session/b7c5f0f3-4ba8-4de0-b8a9-9c774cd254cb/element'
21:26:21.444 [Forwarding findElement on session b7c5f0f3-4ba8-4de0-b8a9-9c774cd254cb to remote] DEBUG org.asynchttpclient.netty.request.NettyRequestSender -- Using open Channel [id: 0x8a8e6733, L:/127.0.0.1:53886 - R:localhost/127.0.0.1:15661] for POST '/session/b7c5f0f3-4ba8-4de0-b8a9-9c774cd254cb/element'
21:26:21.446 [AsyncHttpClient-1-2] DEBUG org.asynchttpclient.netty.handler.HttpHandler -- 

Request DefaultHttpRequest(decodeResult: success, version: HTTP/1.1)
POST /session/b7c5f0f3-4ba8-4de0-b8a9-9c774cd254cb/element HTTP/1.1
User-Agent: selenium/4.8.1 (java unix)
Content-Length: 49
Content-Type: application/json; charset=utf-8
host: localhost:15661
accept: */*

Response DefaultHttpResponse(decodeResult: success, version: HTTP/1.1)
HTTP/1.1 200 OK
content-type: application/json; charset=utf-8
cache-control: no-cache
content-length: 88
date: Tue, 09 Apr 2024 20:26:21 GMT

21:26:21.446 [AsyncHttpClient-1-2] DEBUG org.asynchttpclient.netty.channel.ChannelManager -- Adding key: http://localhost:15661 for channel [id: 0x8a8e6733, L:/127.0.0.1:53886 - R:localhost/127.0.0.1:15661]
21:26:21.448 [Forwarding sendKeysToElement on session b7c5f0f3-4ba8-4de0-b8a9-9c774cd254cb to remote] DEBUG org.asynchttpclient.netty.request.NettyRequestSender -- Using pooled Channel '[id: 0x8a8e6733, L:/127.0.0.1:53886 - R:localhost/127.0.0.1:15661]' for 'POST' to 'http://localhost:15661/session/b7c5f0f3-4ba8-4de0-b8a9-9c774cd254cb/element/2c3524a7-90d7-4d9b-822e-d1dde2f41a48/value'
21:26:21.448 [Forwarding sendKeysToElement on session b7c5f0f3-4ba8-4de0-b8a9-9c774cd254cb to remote] DEBUG org.asynchttpclient.netty.request.NettyRequestSender -- Using open Channel [id: 0x8a8e6733, L:/127.0.0.1:53886 - R:localhost/127.0.0.1:15661] for POST '/session/b7c5f0f3-4ba8-4de0-b8a9-9c774cd254cb/element/2c3524a7-90d7-4d9b-822e-d1dde2f41a48/value'
21:26:21.464 [AsyncHttpClient-1-2] DEBUG org.asynchttpclient.netty.handler.HttpHandler -- 

Request DefaultHttpRequest(decodeResult: success, version: HTTP/1.1)
POST /session/b7c5f0f3-4ba8-4de0-b8a9-9c774cd254cb/element/2c3524a7-90d7-4d9b-822e-d1dde2f41a48/value HTTP/1.1
User-Agent: selenium/4.8.1 (java unix)
Content-Length: 141
Content-Type: application/json; charset=utf-8
host: localhost:15661
accept: */*

Response DefaultHttpResponse(decodeResult: success, version: HTTP/1.1)
HTTP/1.1 200 OK
content-type: application/json; charset=utf-8
cache-control: no-cache
content-length: 14
date: Tue, 09 Apr 2024 20:26:21 GMT

21:26:21.464 [AsyncHttpClient-1-2] DEBUG org.asynchttpclient.netty.channel.ChannelManager -- Adding key: http://localhost:15661 for channel [id: 0x8a8e6733, L:/127.0.0.1:53886 - R:localhost/127.0.0.1:15661]
21:26:21.465 [main] DEBUG com.hw.TripSteps -- Fill in number of seats as 1
21:26:21.466 [Forwarding findElement on session b7c5f0f3-4ba8-4de0-b8a9-9c774cd254cb to remote] DEBUG org.asynchttpclient.netty.request.NettyRequestSender -- Using pooled Channel '[id: 0x8a8e6733, L:/127.0.0.1:53886 - R:localhost/127.0.0.1:15661]' for 'POST' to 'http://localhost:15661/session/b7c5f0f3-4ba8-4de0-b8a9-9c774cd254cb/element'
21:26:21.466 [Forwarding findElement on session b7c5f0f3-4ba8-4de0-b8a9-9c774cd254cb to remote] DEBUG org.asynchttpclient.netty.request.NettyRequestSender -- Using open Channel [id: 0x8a8e6733, L:/127.0.0.1:53886 - R:localhost/127.0.0.1:15661] for POST '/session/b7c5f0f3-4ba8-4de0-b8a9-9c774cd254cb/element'
21:26:21.467 [AsyncHttpClient-1-2] DEBUG org.asynchttpclient.netty.handler.HttpHandler -- 

Request DefaultHttpRequest(decodeResult: success, version: HTTP/1.1)
POST /session/b7c5f0f3-4ba8-4de0-b8a9-9c774cd254cb/element HTTP/1.1
User-Agent: selenium/4.8.1 (java unix)
Content-Length: 53
Content-Type: application/json; charset=utf-8
host: localhost:15661
accept: */*

Response DefaultHttpResponse(decodeResult: success, version: HTTP/1.1)
HTTP/1.1 200 OK
content-type: application/json; charset=utf-8
cache-control: no-cache
content-length: 88
date: Tue, 09 Apr 2024 20:26:21 GMT

21:26:21.467 [AsyncHttpClient-1-2] DEBUG org.asynchttpclient.netty.channel.ChannelManager -- Adding key: http://localhost:15661 for channel [id: 0x8a8e6733, L:/127.0.0.1:53886 - R:localhost/127.0.0.1:15661]
21:26:21.469 [Forwarding sendKeysToElement on session b7c5f0f3-4ba8-4de0-b8a9-9c774cd254cb to remote] DEBUG org.asynchttpclient.netty.request.NettyRequestSender -- Using pooled Channel '[id: 0x8a8e6733, L:/127.0.0.1:53886 - R:localhost/127.0.0.1:15661]' for 'POST' to 'http://localhost:15661/session/b7c5f0f3-4ba8-4de0-b8a9-9c774cd254cb/element/fea2b1df-8884-4b01-a642-89b77cb93d7a/value'
21:26:21.469 [Forwarding sendKeysToElement on session b7c5f0f3-4ba8-4de0-b8a9-9c774cd254cb to remote] DEBUG org.asynchttpclient.netty.request.NettyRequestSender -- Using open Channel [id: 0x8a8e6733, L:/127.0.0.1:53886 - R:localhost/127.0.0.1:15661] for POST '/session/b7c5f0f3-4ba8-4de0-b8a9-9c774cd254cb/element/fea2b1df-8884-4b01-a642-89b77cb93d7a/value'
21:26:21.474 [AsyncHttpClient-1-2] DEBUG org.asynchttpclient.netty.handler.HttpHandler -- 

Request DefaultHttpRequest(decodeResult: success, version: HTTP/1.1)
POST /session/b7c5f0f3-4ba8-4de0-b8a9-9c774cd254cb/element/fea2b1df-8884-4b01-a642-89b77cb93d7a/value HTTP/1.1
User-Agent: selenium/4.8.1 (java unix)
Content-Length: 91
Content-Type: application/json; charset=utf-8
host: localhost:15661
accept: */*

Response DefaultHttpResponse(decodeResult: success, version: HTTP/1.1)
HTTP/1.1 200 OK
content-type: application/json; charset=utf-8
cache-control: no-cache
content-length: 14
date: Tue, 09 Apr 2024 20:26:21 GMT

21:26:21.474 [AsyncHttpClient-1-2] DEBUG org.asynchttpclient.netty.channel.ChannelManager -- Adding key: http://localhost:15661 for channel [id: 0x8a8e6733, L:/127.0.0.1:53886 - R:localhost/127.0.0.1:15661]
21:26:21.475 [main] DEBUG com.hw.TripSteps -- Click Submit Reservation button
21:26:21.475 [Forwarding findElement on session b7c5f0f3-4ba8-4de0-b8a9-9c774cd254cb to remote] DEBUG org.asynchttpclient.netty.request.NettyRequestSender -- Using pooled Channel '[id: 0x8a8e6733, L:/127.0.0.1:53886 - R:localhost/127.0.0.1:15661]' for 'POST' to 'http://localhost:15661/session/b7c5f0f3-4ba8-4de0-b8a9-9c774cd254cb/element'
21:26:21.475 [Forwarding findElement on session b7c5f0f3-4ba8-4de0-b8a9-9c774cd254cb to remote] DEBUG org.asynchttpclient.netty.request.NettyRequestSender -- Using open Channel [id: 0x8a8e6733, L:/127.0.0.1:53886 - R:localhost/127.0.0.1:15661] for POST '/session/b7c5f0f3-4ba8-4de0-b8a9-9c774cd254cb/element'
21:26:21.478 [AsyncHttpClient-1-2] DEBUG org.asynchttpclient.netty.handler.HttpHandler -- 

Request DefaultHttpRequest(decodeResult: success, version: HTTP/1.1)
POST /session/b7c5f0f3-4ba8-4de0-b8a9-9c774cd254cb/element HTTP/1.1
User-Agent: selenium/4.8.1 (java unix)
Content-Length: 67
Content-Type: application/json; charset=utf-8
host: localhost:15661
accept: */*

Response DefaultHttpResponse(decodeResult: success, version: HTTP/1.1)
HTTP/1.1 200 OK
content-type: application/json; charset=utf-8
cache-control: no-cache
content-length: 88
date: Tue, 09 Apr 2024 20:26:21 GMT

21:26:21.478 [AsyncHttpClient-1-2] DEBUG org.asynchttpclient.netty.channel.ChannelManager -- Adding key: http://localhost:15661 for channel [id: 0x8a8e6733, L:/127.0.0.1:53886 - R:localhost/127.0.0.1:15661]
21:26:21.479 [Forwarding clickElement on session b7c5f0f3-4ba8-4de0-b8a9-9c774cd254cb to remote] DEBUG org.asynchttpclient.netty.request.NettyRequestSender -- Using pooled Channel '[id: 0x8a8e6733, L:/127.0.0.1:53886 - R:localhost/127.0.0.1:15661]' for 'POST' to 'http://localhost:15661/session/b7c5f0f3-4ba8-4de0-b8a9-9c774cd254cb/element/17b101a6-2a02-4573-98c0-8f920a7804dd/click'
21:26:21.479 [Forwarding clickElement on session b7c5f0f3-4ba8-4de0-b8a9-9c774cd254cb to remote] DEBUG org.asynchttpclient.netty.request.NettyRequestSender -- Using open Channel [id: 0x8a8e6733, L:/127.0.0.1:53886 - R:localhost/127.0.0.1:15661] for POST '/session/b7c5f0f3-4ba8-4de0-b8a9-9c774cd254cb/element/17b101a6-2a02-4573-98c0-8f920a7804dd/click'
21:26:21.687 [AsyncHttpClient-1-2] DEBUG org.asynchttpclient.netty.handler.HttpHandler -- 

Request DefaultHttpRequest(decodeResult: success, version: HTTP/1.1)
POST /session/b7c5f0f3-4ba8-4de0-b8a9-9c774cd254cb/element/17b101a6-2a02-4573-98c0-8f920a7804dd/click HTTP/1.1
User-Agent: selenium/4.8.1 (java unix)
Content-Length: 50
Content-Type: application/json; charset=utf-8
host: localhost:15661
accept: */*

Response DefaultHttpResponse(decodeResult: success, version: HTTP/1.1)
HTTP/1.1 200 OK
content-type: application/json; charset=utf-8
cache-control: no-cache
content-length: 14
date: Tue, 09 Apr 2024 20:26:21 GMT

21:26:21.688 [AsyncHttpClient-1-2] DEBUG org.asynchttpclient.netty.channel.ChannelManager -- Adding key: http://localhost:15661 for channel [id: 0x8a8e6733, L:/127.0.0.1:53886 - R:localhost/127.0.0.1:15661]
21:26:21.688 [main] DEBUG com.hw.TripSteps -- Verify page title Reservation Confirmation
21:26:21.689 [Forwarding getTitle on session b7c5f0f3-4ba8-4de0-b8a9-9c774cd254cb to remote] DEBUG org.asynchttpclient.netty.request.NettyRequestSender -- Using pooled Channel '[id: 0x8a8e6733, L:/127.0.0.1:53886 - R:localhost/127.0.0.1:15661]' for 'GET' to 'http://localhost:15661/session/b7c5f0f3-4ba8-4de0-b8a9-9c774cd254cb/title'
21:26:21.689 [Forwarding getTitle on session b7c5f0f3-4ba8-4de0-b8a9-9c774cd254cb to remote] DEBUG org.asynchttpclient.netty.request.NettyRequestSender -- Using open Channel [id: 0x8a8e6733, L:/127.0.0.1:53886 - R:localhost/127.0.0.1:15661] for GET '/session/b7c5f0f3-4ba8-4de0-b8a9-9c774cd254cb/title'
21:26:21.690 [AsyncHttpClient-1-2] DEBUG org.asynchttpclient.netty.handler.HttpHandler -- 

Request DefaultFullHttpRequest(decodeResult: success, version: HTTP/1.1, content: EmptyByteBufBE)
GET /session/b7c5f0f3-4ba8-4de0-b8a9-9c774cd254cb/title HTTP/1.1
User-Agent: selenium/4.8.1 (java unix)
Cache-Control: no-cache
Content-Type: application/json; charset=utf-8
host: localhost:15661
accept: */*

Response DefaultHttpResponse(decodeResult: success, version: HTTP/1.1)
HTTP/1.1 200 OK
content-type: application/json; charset=utf-8
cache-control: no-cache
content-length: 36
date: Tue, 09 Apr 2024 20:26:21 GMT

21:26:21.690 [AsyncHttpClient-1-2] DEBUG org.asynchttpclient.netty.channel.ChannelManager -- Adding key: http://localhost:15661 for channel [id: 0x8a8e6733, L:/127.0.0.1:53886 - R:localhost/127.0.0.1:15661]
21:26:21.698 [main] DEBUG io.netty.util.internal.ThreadLocalRandom -- -Dio.netty.initialSeedUniquifier: 0x5583d6aea9744aec
21:26:21.700 [AsyncHttpClient-1-4] DEBUG org.asynchttpclient.netty.channel.NettyConnectListener -- Using new Channel '[id: 0x7ec90d15, L:/127.0.0.1:45058 - R:/127.0.0.1:18856]' for 'GET' to '/devtools/browser/cfda81a3-fa5f-4962-ba8b-3a834cfc5db2'
21:26:21.704 [AsyncHttpClient-1-4] DEBUG org.asynchttpclient.netty.handler.WebSocketHandler -- 

Request DefaultFullHttpRequest(decodeResult: success, version: HTTP/1.1, content: EmptyByteBufBE)
GET /devtools/browser/cfda81a3-fa5f-4962-ba8b-3a834cfc5db2 HTTP/1.1
upgrade: websocket
connection: upgrade
sec-websocket-key: oPdyHTWTokB1GPRJUte1Pg==
sec-websocket-version: 13
origin: http://127.0.0.1:18856
host: 127.0.0.1:18856
accept: */*
user-agent: AHC/2.1

Response DefaultHttpResponse(decodeResult: success, version: HTTP/1.1)
HTTP/1.1 101 Switching Protocols
Server: httpd.js
Upgrade: websocket
Connection: Upgrade
Sec-WebSocket-Accept: 4+fnyHA2y8rszTb0vEgQFKzQRxw=
Content-Length: 0

21:26:21.719 [Driver Command Executor] DEBUG org.asynchttpclient.netty.request.NettyRequestSender -- Using pooled Channel '[id: 0x8a8e6733, L:/127.0.0.1:53886 - R:localhost/127.0.0.1:15661]' for 'DELETE' to 'http://localhost:15661/session/b7c5f0f3-4ba8-4de0-b8a9-9c774cd254cb'
21:26:21.719 [Driver Command Executor] DEBUG org.asynchttpclient.netty.request.NettyRequestSender -- Using open Channel [id: 0x8a8e6733, L:/127.0.0.1:53886 - R:localhost/127.0.0.1:15661] for DELETE '/session/b7c5f0f3-4ba8-4de0-b8a9-9c774cd254cb'
21:26:21.720 [AsyncHttpClient-1-4] DEBUG org.asynchttpclient.netty.handler.WebSocketHandler -- Channel Closed: [id: 0x7ec90d15, L:/127.0.0.1:45058 ! R:/127.0.0.1:18856] with attribute DISCARD
21:26:22.205 [AsyncHttpClient-1-2] DEBUG org.asynchttpclient.netty.handler.HttpHandler -- 

Request DefaultFullHttpRequest(decodeResult: success, version: HTTP/1.1, content: EmptyByteBufBE)
DELETE /session/b7c5f0f3-4ba8-4de0-b8a9-9c774cd254cb HTTP/1.1
User-Agent: selenium/4.8.1 (java unix)
Content-Type: application/json; charset=utf-8
host: localhost:15661
accept: */*

Response DefaultHttpResponse(decodeResult: success, version: HTTP/1.1)
HTTP/1.1 200 OK
content-type: application/json; charset=utf-8
cache-control: no-cache
content-length: 14
date: Tue, 09 Apr 2024 20:26:21 GMT

21:26:22.206 [AsyncHttpClient-1-2] DEBUG org.asynchttpclient.netty.channel.ChannelManager -- Adding key: http://localhost:15661 for channel [id: 0x8a8e6733, L:/127.0.0.1:53886 - R:localhost/127.0.0.1:15661]
21:26:22.208 [AsyncHttpClient-1-2] DEBUG org.asynchttpclient.netty.handler.HttpHandler -- Channel Closed: [id: 0x8a8e6733, L:/127.0.0.1:53886 ! R:localhost/127.0.0.1:15661] with attribute DISCARD
]]></system-out>
    <system-err><![CDATA[1712694378212	geckodriver	INFO	Listening on 127.0.0.1:15661
1712694378367	mozrunner::runner	INFO	Running command: MOZ_CRASHREPORTER="1" MOZ_CRASHREPORTER_NO_REPORT="1" MOZ_CRASHREPORTER_SHUTDOWN="1" MOZ_NO_REMOTE="1" "/usr ... s" "http://127.0.0.1:18856/,http://localhost:18856/,http://[::1]:18856/" "-no-remote" "-profile" "/tmp/rust_mozprofileJjWuu0"
console.warn: services.settings: Ignoring preference override of remote settings server
console.warn: services.settings: Allow by setting MOZ_REMOTE_SETTINGS_DEVTOOLS=1 in the environment
1712694378720	Marionette	INFO	Marionette enabled
console.error: "Warning: unrecognized command line flag" "-ignore-ssl-errors"
ATTENTION: default value of option mesa_glthread overridden by environment.
1712694378884	Marionette	INFO	Listening on port 40375
WebDriver BiDi listening on ws://127.0.0.1:18856
Read port: 40375
1712694379088	RemoteAgent	WARN	TLS certificate errors will be ignored for this session
console.error: ({})
DevTools listening on ws://127.0.0.1:18856/devtools/browser/cfda81a3-fa5f-4962-ba8b-3a834cfc5db2
console.warn: LoginRecipes: "Falling back to a synchronous message for: http://localhost:4200."
console.warn: LoginRecipes: "Falling back to a synchronous message for: http://localhost:4200."
1712694381703	RemoteAgent	INFO	Perform WebSocket upgrade for incoming connection from 127.0.0.1:45058
1712694381705	CDP	WARN	Invalid browser preferences for CDP. Set "fission.webContentIsolationStrategy"to 0 and "fission.bfcacheInParent" to false before Firefox starts.
1712694381721	Marionette	INFO	Stopped listening on port 40375
[Parent 87126, IPC I/O Parent] WARNING: waitid failed pid:87301 errno:10: file /builds/worker/checkouts/gecko/ipc/chromium/src/base/process_util_posix.cc:244
[Parent 87126, IPC I/O Parent] WARNING: waitid failed pid:87433 errno:10: file /builds/worker/checkouts/gecko/ipc/chromium/src/base/process_util_posix.cc:244
[Parent 87126, IPC I/O Parent] WARNING: waitid failed pid:87416 errno:10: file /builds/worker/checkouts/gecko/ipc/chromium/src/base/process_util_posix.cc:244
[Parent 87126, IPC I/O Parent] WARNING: waitid failed pid:87428 errno:10: file /builds/worker/checkouts/gecko/ipc/chromium/src/base/process_util_posix.cc:244
[Parent 87126, IPC I/O Parent] WARNING: waitid failed pid:87385 errno:10: file /builds/worker/checkouts/gecko/ipc/chromium/src/base/process_util_posix.cc:244
[Parent 87126, IPC I/O Parent] WARNING: waitid failed pid:87271 errno:10: file /builds/worker/checkouts/gecko/ipc/chromium/src/base/process_util_posix.cc:244
[Parent 87126, IPC I/O Parent] WARNING: waitid failed pid:87238 errno:10: file /builds/worker/checkouts/gecko/ipc/chromium/src/base/process_util_posix.cc:244
]]></system-err>
  </testcase>
</testsuite>